Generated at 2014-05-01 10:31:41 -0400
Chef::Exceptions::RecipeNotFound: could not find recipe default for cookbook main
/usr/local/rvm/gems/ruby-2.1.0/gems/chef-11.12.4/lib/chef/cookbook_version.rb:226:in `load_recipe'
/usr/local/rvm/gems/ruby-2.1.0/gems/chef-11.12.4/lib/chef/run_context.rb:165:in `load_recipe'
/usr/local/rvm/gems/ruby-2.1.0/gems/chef-11.12.4/lib/chef/run_context/cookbook_compiler.rb:140:in `block in compile_recipes'
/usr/local/rvm/gems/ruby-2.1.0/gems/chef-11.12.4/lib/chef/run_context/cookbook_compiler.rb:138:in `each'
/usr/local/rvm/gems/ruby-2.1.0/gems/chef-11.12.4/lib/chef/run_context/cookbook_compiler.rb:138:in `compile_recipes'
/usr/local/rvm/gems/ruby-2.1.0/gems/chef-11.12.4/lib/chef/run_context/cookbook_compiler.rb:75:in `compile'
/usr/local/rvm/gems/ruby-2.1.0/gems/chef-11.12.4/lib/chef/run_context.rb:88:in `load'
/usr/local/rvm/gems/ruby-2.1.0/gems/chef-11.12.4/lib/chef/policy_builder/expand_node_object.rb:73:in `setup_run_context'
/usr/local/rvm/gems/ruby-2.1.0/gems/chef-11.12.4/lib/chef/client.rb:265:in `setup_run_context'
/usr/local/rvm/gems/ruby-2.1.0/gems/chef-11.12.4/lib/chef/client.rb:429:in `do_run'
/usr/local/rvm/gems/ruby-2.1.0/gems/chef-11.12.4/lib/chef/client.rb:213:in `block in run'
/usr/local/rvm/gems/ruby-2.1.0/gems/chef-11.12.4/lib/chef/client.rb:207:in `fork'
/usr/local/rvm/gems/ruby-2.1.0/gems/chef-11.12.4/lib/chef/client.rb:207:in `run'
/usr/local/rvm/gems/ruby-2.1.0/gems/chef-11.12.4/lib/chef/application.rb:217:in `run_chef_client'
/usr/local/rvm/gems/ruby-2.1.0/gems/chef-11.12.4/lib/chef/application/solo.rb:221:in `block in run_application'
/usr/local/rvm/gems/ruby-2.1.0/gems/chef-11.12.4/lib/chef/application/solo.rb:213:in `loop'
/usr/local/rvm/gems/ruby-2.1.0/gems/chef-11.12.4/lib/chef/application/solo.rb:213:in `run_application'
/usr/local/rvm/gems/ruby-2.1.0/gems/chef-11.12.4/lib/chef/application.rb:67:in `run'
/usr/local/rvm/gems/ruby-2.1.0/gems/chef-11.12.4/bin/chef-solo:25:in `<top (required)>'
/usr/local/rvm/gems/ruby-2.1.0/bin/chef-solo:23:in `load'
/usr/local/rvm/gems/ruby-2.1.0/bin/chef-solo:23:in `<main>'
/usr/local/rvm/gems/ruby-2.1.0/bin/ruby_executable_hooks:15:in `eval'
/usr/local/rvm/gems/ruby-2.1.0/bin/ruby_executable_hooks:15:in `<main>'